2021-05-28 10:51:20,589 [4] INFO  UMSService.LogHelper [(null)] - InitRos...
2021-05-28 10:51:20,730 [4] INFO  UMSService.LogHelper [(null)] - Start TCP v1.0.2020.1111...
2021-05-28 10:52:34,170 [13] INFO  UMSService.LogHelper [(null)] - Receive Msg: MsgID:103 MsgData:{"Device":null,"MsgType":"User","Name":"Test Lee","Operation":"Insert","Pwd":"1234","Role":"1","Sender":"Access","StatusCode":null,"UserID":"123456"}
2021-05-28 10:52:34,267 [13] ERROR UMSService.LogHelper [(null)] - Function OnMessageReceive Error:System.NullReferenceException: ???????????????
   ? UMSService.UIMessageReader.OnMessageReceive(ReceiveEventArgs args, UInt32 uMsgID, Object objData, Object& objDataToClient)
2021-05-28 11:00:04,253 [4] INFO  UMSService.LogHelper [(null)] - InitRos...
2021-05-28 11:00:04,390 [4] INFO  UMSService.LogHelper [(null)] - Start TCP v1.0.2020.1111...
2021-05-28 11:00:20,109 [13] INFO  UMSService.LogHelper [(null)] - Receive Msg: MsgID:103 MsgData:{"Device":null,"MsgType":"User","Name":"Test Lee","Operation":"Insert","Pwd":"1234","Role":"1","Sender":"Access","StatusCode":null,"UserID":"123456"}
2021-05-28 11:00:20,206 [13] INFO  UMSService.LogHelper [(null)] - RosNo:,UserNo:123456,UserPass:1234,UserName:Test Lee,Role:1,StatusCode:
2021-05-28 11:00:20,206 [13] INFO  UMSService.LogHelper [(null)] - insert
2021-05-28 11:01:16,433 [14] INFO  UMSService.LogHelper [(null)] - Receive Msg: MsgID:104 MsgData:{"Device":null,"MsgType":"User","Name":"Test Lee2","Operation":"Update","Pwd":"1234","Role":"1","Sender":"Access","StatusCode":null,"UserID":"123456"}
2021-05-28 11:01:16,433 [14] INFO  UMSService.LogHelper [(null)] - RosNo:,UserNo:123456,UserPass:1234,UserName:Test Lee2,Role:1,StatusCode:
2021-05-28 11:02:32,838 [15] INFO  UMSService.LogHelper [(null)] - Receive Msg: MsgID:105 MsgData:{"Device":null,"MsgType":"User","Name":"Test Lee2","Operation":"Delete","Pwd":"1234","Role":"1","Sender":"Access","StatusCode":null,"UserID":"123456"}
2021-05-28 11:02:32,839 [15] INFO  UMSService.LogHelper [(null)] - RosNo:,UserNo:123456,UserPass:1234,UserName:Test Lee2,Role:1,StatusCode:
2021-05-28 11:04:44,009 [16] INFO  UMSService.LogHelper [(null)] - Receive Msg: MsgID:106 MsgData:{"Device":null,"MsgType":"User","Name":"QC_TEST","Operation":"Sync","Pwd":"","Role":"1","Sender":"Access","StatusCode":null,"UserID":"1"}
2021-05-28 11:04:44,009 [16] INFO  UMSService.LogHelper [(null)] - RosNo:,UserNo:1,UserPass:,UserName:QC_TEST,Role:1,StatusCode:
2021-05-28 11:04:44,010 [16] INFO  UMSService.LogHelper [(null)] - SyncUser:userNo = 1 | userPass =  | userName = QC_TEST | role = 1
2021-05-28 11:04:44,010 [16] INFO  UMSService.LogHelper [(null)] - Begin Read User
2021-05-28 11:04:44,011 [16] INFO  UMSService.LogHelper [(null)] - Begin Read Role
2021-05-28 11:04:44,012 [16] INFO  UMSService.LogHelper [(null)] - yes
2021-05-28 11:04:44,030 [13] INFO  UMSService.LogHelper [(null)] - Receive Msg: MsgID:106 MsgData:{"Device":null,"MsgType":"User","Name":"RTG_TEST","Operation":"Sync","Pwd":"","Role":"2","Sender":"Access","StatusCode":null,"UserID":"2"}
2021-05-28 11:04:44,030 [13] INFO  UMSService.LogHelper [(null)] - RosNo:,UserNo:2,UserPass:,UserName:RTG_TEST,Role:2,StatusCode:
2021-05-28 11:04:44,030 [13] INFO  UMSService.LogHelper [(null)] - SyncUser:userNo = 2 | userPass =  | userName = RTG_TEST | role = 2
2021-05-28 11:04:44,030 [13] INFO  UMSService.LogHelper [(null)] - Begin Read User
2021-05-28 11:04:44,031 [13] INFO  UMSService.LogHelper [(null)] - Begin Read Role
2021-05-28 11:04:44,031 [13] INFO  UMSService.LogHelper [(null)] - yes
2021-05-28 11:04:44,041 [14] INFO  UMSService.LogHelper [(null)] - Receive Msg: MsgID:106 MsgData:{"Device":null,"MsgType":"User","Name":"???","Operation":"Sync","Pwd":"","Role":"1","Sender":"Access","StatusCode":null,"UserID":"673"}
2021-05-28 11:04:44,041 [14] INFO  UMSService.LogHelper [(null)] - RosNo:,UserNo:673,UserPass:,UserName:???,Role:1,StatusCode:
2021-05-28 11:04:44,041 [14] INFO  UMSService.LogHelper [(null)] - SyncUser:userNo = 673 | userPass =  | userName = ??? | role = 1
2021-05-28 11:04:44,041 [14] INFO  UMSService.LogHelper [(null)] - Begin Read User
2021-05-28 11:04:44,042 [14] INFO  UMSService.LogHelper [(null)] - Begin Read Role
2021-05-28 11:04:44,042 [14] INFO  UMSService.LogHelper [(null)] - yes
2021-05-28 11:04:44,108 [15] INFO  UMSService.LogHelper [(null)] - Receive Msg: MsgID:106 MsgData:{"Device":null,"MsgType":"User","Name":"???","Operation":"Sync","Pwd":"","Role":"1","Sender":"Access","StatusCode":null,"UserID":"3247"}
2021-05-28 11:04:44,108 [15] INFO  UMSService.LogHelper [(null)] - RosNo:,UserNo:3247,UserPass:,UserName:???,Role:1,StatusCode:
2021-05-28 11:04:44,108 [15] INFO  UMSService.LogHelper [(null)] - SyncUser:userNo = 3247 | userPass =  | userName = ??? | role = 1
2021-05-28 11:04:44,108 [15] INFO  UMSService.LogHelper [(null)] - Begin Read User
2021-05-28 11:04:44,109 [15] INFO  UMSService.LogHelper [(null)] - Begin Read Role
2021-05-28 11:04:44,109 [15] INFO  UMSService.LogHelper [(null)] - yes
2021-05-28 11:04:44,124 [16] INFO  UMSService.LogHelper [(null)] - Receive Msg: MsgID:106 MsgData:{"Device":null,"MsgType":"User","Name":"???","Operation":"Sync","Pwd":"","Role":"1","Sender":"Access","StatusCode":null,"UserID":"2803"}
2021-05-28 11:04:44,124 [16] INFO  UMSService.LogHelper [(null)] - RosNo:,UserNo:2803,UserPass:,UserName:???,Role:1,StatusCode:
2021-05-28 11:04:44,124 [16] INFO  UMSService.LogHelper [(null)] - SyncUser:userNo = 2803 | userPass =  | userName = ??? | role = 1
2021-05-28 11:04:44,124 [16] INFO  UMSService.LogHelper [(null)] - Begin Read User
2021-05-28 11:04:44,124 [16] INFO  UMSService.LogHelper [(null)] - Begin Read Role
2021-05-28 11:04:44,125 [16] INFO  UMSService.LogHelper [(null)] - yes
2021-05-28 11:04:44,133 [13] INFO  UMSService.LogHelper [(null)] - Receive Msg: MsgID:106 MsgData:{"Device":null,"MsgType":"User","Name":"???","Operation":"Sync","Pwd":"","Role":"1","Sender":"Access","StatusCode":null,"UserID":"2692"}
2021-05-28 11:04:44,133 [13] INFO  UMSService.LogHelper [(null)] - RosNo:,UserNo:2692,UserPass:,UserName:???,Role:1,StatusCode:
2021-05-28 11:04:44,133 [13] INFO  UMSService.LogHelper [(null)] - SyncUser:userNo = 2692 | userPass =  | userName = ??? | role = 1
2021-05-28 11:04:44,133 [13] INFO  UMSService.LogHelper [(null)] - Begin Read User
2021-05-28 11:04:44,133 [13] INFO  UMSService.LogHelper [(null)] - Begin Read Role
2021-05-28 11:04:44,134 [13] INFO  UMSService.LogHelper [(null)] - yes
2021-05-28 11:04:44,146 [14] INFO  UMSService.LogHelper [(null)] - Receive Msg: MsgID:106 MsgData:{"Device":null,"MsgType":"User","Name":"??","Operation":"Sync","Pwd":"","Role":"1","Sender":"Access","StatusCode":null,"UserID":"3583"}
2021-05-28 11:04:44,146 [14] INFO  UMSService.LogHelper [(null)] - RosNo:,UserNo:3583,UserPass:,UserName:??,Role:1,StatusCode:
2021-05-28 11:04:44,146 [14] INFO  UMSService.LogHelper [(null)] - SyncUser:userNo = 3583 | userPass =  | userName = ?? | role = 1
2021-05-28 11:04:44,146 [14] INFO  UMSService.LogHelper [(null)] - Begin Read User
2021-05-28 11:04:44,146 [14] INFO  UMSService.LogHelper [(null)] - Begin Read Role
2021-05-28 11:04:44,146 [14] INFO  UMSService.LogHelper [(null)] - yes
2021-05-28 11:04:44,157 [15] INFO  UMSService.LogHelper [(null)] - Receive Msg: MsgID:106 MsgData:{"Device":null,"MsgType":"User","Name":"???","Operation":"Sync","Pwd":"","Role":"1","Sender":"Access","StatusCode":null,"UserID":"2659"}
2021-05-28 11:04:44,157 [15] INFO  UMSService.LogHelper [(null)] - RosNo:,UserNo:2659,UserPass:,UserName:???,Role:1,StatusCode:
2021-05-28 11:04:44,157 [15] INFO  UMSService.LogHelper [(null)] - SyncUser:userNo = 2659 | userPass =  | userName = ??? | role = 1
2021-05-28 11:04:44,157 [15] INFO  UMSService.LogHelper [(null)] - Begin Read User
2021-05-28 11:04:44,158 [15] INFO  UMSService.LogHelper [(null)] - Begin Read Role
2021-05-28 11:04:44,158 [15] INFO  UMSService.LogHelper [(null)] - yes
2021-05-28 11:04:44,176 [16] INFO  UMSService.LogHelper [(null)] - Receive Msg: MsgID:106 MsgData:{"Device":null,"MsgType":"User","Name":"?? ?","Operation":"Sync","Pwd":"","Role":"1","Sender":"Access","StatusCode":null,"UserID":"676"}
2021-05-28 11:04:44,176 [16] INFO  UMSService.LogHelper [(null)] - RosNo:,UserNo:676,UserPass:,UserName:?? ?,Role:1,StatusCode:
2021-05-28 11:04:44,176 [16] INFO  UMSService.LogHelper [(null)] - SyncUser:userNo = 676 | userPass =  | userName = ?? ? | role = 1
2021-05-28 11:04:44,176 [16] INFO  UMSService.LogHelper [(null)] - Begin Read User
2021-05-28 11:04:44,176 [16] INFO  UMSService.LogHelper [(null)] - Begin Read Role
2021-05-28 11:04:44,177 [16] INFO  UMSService.LogHelper [(null)] - yes
2021-05-28 11:04:44,189 [13] INFO  UMSService.LogHelper [(null)] - Receive Msg: MsgID:106 MsgData:{"Device":null,"MsgType":"User","Name":"??","Operation":"Sync","Pwd":"","Role":"1","Sender":"Access","StatusCode":null,"UserID":"2837"}
2021-05-28 11:04:44,189 [13] INFO  UMSService.LogHelper [(null)] - RosNo:,UserNo:2837,UserPass:,UserName:??,Role:1,StatusCode:
2021-05-28 11:04:44,189 [13] INFO  UMSService.LogHelper [(null)] - SyncUser:userNo = 2837 | userPass =  | userName = ?? | role = 1
2021-05-28 11:04:44,189 [13] INFO  UMSService.LogHelper [(null)] - Begin Read User
2021-05-28 11:04:44,190 [13] INFO  UMSService.LogHelper [(null)] - Begin Read Role
2021-05-28 11:04:44,190 [13] INFO  UMSService.LogHelper [(null)] - yes
2021-05-28 11:04:44,199 [14] INFO  UMSService.LogHelper [(null)] - Receive Msg: MsgID:106 MsgData:{"Device":null,"MsgType":"User","Name":"??","Operation":"Sync","Pwd":"","Role":"1","Sender":"Access","StatusCode":null,"UserID":"2795"}
2021-05-28 11:04:44,199 [14] INFO  UMSService.LogHelper [(null)] - RosNo:,UserNo:2795,UserPass:,UserName:??,Role:1,StatusCode:
2021-05-28 11:04:44,199 [14] INFO  UMSService.LogHelper [(null)] - SyncUser:userNo = 2795 | userPass =  | userName = ?? | role = 1
2021-05-28 11:04:44,199 [14] INFO  UMSService.LogHelper [(null)] - Begin Read User
2021-05-28 11:04:44,200 [14] INFO  UMSService.LogHelper [(null)] - Begin Read Role
2021-05-28 11:04:44,200 [14] INFO  UMSService.LogHelper [(null)] - yes
2021-05-28 11:04:44,214 [15] INFO  UMSService.LogHelper [(null)] - Receive Msg: MsgID:106 MsgData:{"Device":null,"MsgType":"User","Name":"???","Operation":"Sync","Pwd":"","Role":"1","Sender":"Access","StatusCode":null,"UserID":"2745"}
2021-05-28 11:04:44,216 [15] INFO  UMSService.LogHelper [(null)] - RosNo:,UserNo:2745,UserPass:,UserName:???,Role:1,StatusCode:
2021-05-28 11:04:44,216 [15] INFO  UMSService.LogHelper [(null)] - SyncUser:userNo = 2745 | userPass =  | userName = ??? | role = 1
2021-05-28 11:04:44,216 [15] INFO  UMSService.LogHelper [(null)] - Begin Read User
2021-05-28 11:04:44,217 [15] INFO  UMSService.LogHelper [(null)] - Begin Read Role
2021-05-28 11:04:44,221 [15] INFO  UMSService.LogHelper [(null)] - yes
2021-05-28 11:04:44,247 [16] INFO  UMSService.LogHelper [(null)] - Receive Msg: MsgID:106 MsgData:{"Device":null,"MsgType":"User","Name":"???","Operation":"Sync","Pwd":"","Role":"1","Sender":"Access","StatusCode":null,"UserID":"3241"}
2021-05-28 11:04:44,247 [16] INFO  UMSService.LogHelper [(null)] - RosNo:,UserNo:3241,UserPass:,UserName:???,Role:1,StatusCode:
2021-05-28 11:04:44,247 [16] INFO  UMSService.LogHelper [(null)] - SyncUser:userNo = 3241 | userPass =  | userName = ??? | role = 1
2021-05-28 11:04:44,247 [16] INFO  UMSService.LogHelper [(null)] - Begin Read User
2021-05-28 11:04:44,247 [16] INFO  UMSService.LogHelper [(null)] - Begin Read Role
2021-05-28 11:04:44,247 [16] INFO  UMSService.LogHelper [(null)] - yes
2021-05-28 11:04:44,259 [13] INFO  UMSService.LogHelper [(null)] - Receive Msg: MsgID:106 MsgData:{"Device":null,"MsgType":"User","Name":"??","Operation":"Sync","Pwd":"","Role":"1","Sender":"Access","StatusCode":null,"UserID":"903"}
2021-05-28 11:04:44,259 [13] INFO  UMSService.LogHelper [(null)] - RosNo:,UserNo:903,UserPass:,UserName:??,Role:1,StatusCode:
2021-05-28 11:04:44,259 [13] INFO  UMSService.LogHelper [(null)] - SyncUser:userNo = 903 | userPass =  | userName = ?? | role = 1
2021-05-28 11:04:44,259 [13] INFO  UMSService.LogHelper [(null)] - Begin Read User
2021-05-28 11:04:44,261 [13] INFO  UMSService.LogHelper [(null)] - Begin Read Role
2021-05-28 11:04:44,261 [13] INFO  UMSService.LogHelper [(null)] - yes
2021-05-28 11:04:44,283 [14] INFO  UMSService.LogHelper [(null)] - Receive Msg: MsgID:106 MsgData:{"Device":null,"MsgType":"User","Name":"???","Operation":"Sync","Pwd":"","Role":"1","Sender":"Access","StatusCode":null,"UserID":"2691"}
2021-05-28 11:04:44,283 [14] INFO  UMSService.LogHelper [(null)] - RosNo:,UserNo:2691,UserPass:,UserName:???,Role:1,StatusCode:
2021-05-28 11:04:44,283 [14] INFO  UMSService.LogHelper [(null)] - SyncUser:userNo = 2691 | userPass =  | userName = ??? | role = 1
2021-05-28 11:04:44,283 [14] INFO  UMSService.LogHelper [(null)] - Begin Read User
2021-05-28 11:04:44,284 [14] INFO  UMSService.LogHelper [(null)] - Begin Read Role
2021-05-28 11:04:44,286 [14] INFO  UMSService.LogHelper [(null)] - yes
2021-05-28 11:04:44,312 [15] INFO  UMSService.LogHelper [(null)] - Receive Msg: MsgID:106 MsgData:{"Device":null,"MsgType":"User","Name":"???","Operation":"Sync","Pwd":"","Role":"1","Sender":"Access","StatusCode":null,"UserID":"680"}
2021-05-28 11:04:44,312 [15] INFO  UMSService.LogHelper [(null)] - RosNo:,UserNo:680,UserPass:,UserName:???,Role:1,StatusCode:
2021-05-28 11:04:44,312 [15] INFO  UMSService.LogHelper [(null)] - SyncUser:userNo = 680 | userPass =  | userName = ??? | role = 1
2021-05-28 11:04:44,312 [15] INFO  UMSService.LogHelper [(null)] - Begin Read User
2021-05-28 11:04:44,312 [15] INFO  UMSService.LogHelper [(null)] - Begin Read Role
2021-05-28 11:04:44,312 [15] INFO  UMSService.LogHelper [(null)] - yes
2021-05-28 11:04:44,328 [16] INFO  UMSService.LogHelper [(null)] - Receive Msg: MsgID:106 MsgData:{"Device":null,"MsgType":"User","Name":"???","Operation":"Sync","Pwd":"","Role":"1","Sender":"Access","StatusCode":null,"UserID":"2735"}
2021-05-28 11:04:44,328 [16] INFO  UMSService.LogHelper [(null)] - RosNo:,UserNo:2735,UserPass:,UserName:???,Role:1,StatusCode:
2021-05-28 11:04:44,328 [16] INFO  UMSService.LogHelper [(null)] - SyncUser:userNo = 2735 | userPass =  | userName = ??? | role = 1
2021-05-28 11:04:44,329 [16] INFO  UMSService.LogHelper [(null)] - Begin Read User
2021-05-28 11:04:44,329 [16] INFO  UMSService.LogHelper [(null)] - Begin Read Role
2021-05-28 11:04:44,329 [16] INFO  UMSService.LogHelper [(null)] - yes
2021-05-28 11:04:44,342 [13] INFO  UMSService.LogHelper [(null)] - Receive Msg: MsgID:106 MsgData:{"Device":null,"MsgType":"User","Name":"???","Operation":"Sync","Pwd":"","Role":"1","Sender":"Access","StatusCode":null,"UserID":"2738"}
2021-05-28 11:04:44,342 [13] INFO  UMSService.LogHelper [(null)] - RosNo:,UserNo:2738,UserPass:,UserName:???,Role:1,StatusCode:
2021-05-28 11:04:44,342 [13] INFO  UMSService.LogHelper [(null)] - SyncUser:userNo = 2738 | userPass =  | userName = ??? | role = 1
2021-05-28 11:04:44,342 [13] INFO  UMSService.LogHelper [(null)] - Begin Read User
2021-05-28 11:04:44,343 [13] INFO  UMSService.LogHelper [(null)] - Begin Read Role
2021-05-28 11:04:44,343 [13] INFO  UMSService.LogHelper [(null)] - yes
2021-05-28 11:04:44,357 [14] INFO  UMSService.LogHelper [(null)] - Receive Msg: MsgID:106 MsgData:{"Device":null,"MsgType":"User","Name":"???","Operation":"Sync","Pwd":"","Role":"1","Sender":"Access","StatusCode":null,"UserID":"983"}
2021-05-28 11:04:44,357 [14] INFO  UMSService.LogHelper [(null)] - RosNo:,UserNo:983,UserPass:,UserName:???,Role:1,StatusCode:
2021-05-28 11:04:44,357 [14] INFO  UMSService.LogHelper [(null)] - SyncUser:userNo = 983 | userPass =  | userName = ??? | role = 1
2021-05-28 11:04:44,357 [14] INFO  UMSService.LogHelper [(null)] - Begin Read User
2021-05-28 11:04:44,358 [14] INFO  UMSService.LogHelper [(null)] - Begin Read Role
2021-05-28 11:04:44,358 [14] INFO  UMSService.LogHelper [(null)] - yes
2021-05-28 11:04:44,370 [15] INFO  UMSService.LogHelper [(null)] - Receive Msg: MsgID:106 MsgData:{"Device":null,"MsgType":"User","Name":"???","Operation":"Sync","Pwd":"","Role":"1","Sender":"Access","StatusCode":null,"UserID":"3326"}
2021-05-28 11:04:44,370 [15] INFO  UMSService.LogHelper [(null)] - RosNo:,UserNo:3326,UserPass:,UserName:???,Role:1,StatusCode:
2021-05-28 11:04:44,371 [15] INFO  UMSService.LogHelper [(null)] - SyncUser:userNo = 3326 | userPass =  | userName = ??? | role = 1
2021-05-28 11:04:44,371 [15] INFO  UMSService.LogHelper [(null)] - Begin Read User
2021-05-28 11:04:44,372 [15] INFO  UMSService.LogHelper [(null)] - Begin Read Role
2021-05-28 11:04:44,373 [15] INFO  UMSService.LogHelper [(null)] - yes
2021-05-28 11:04:44,397 [16] INFO  UMSService.LogHelper [(null)] - Receive Msg: MsgID:106 MsgData:{"Device":null,"MsgType":"User","Name":"???","Operation":"Sync","Pwd":"","Role":"1","Sender":"Access","StatusCode":null,"UserID":"2871"}
2021-05-28 11:04:44,397 [16] INFO  UMSService.LogHelper [(null)] - RosNo:,UserNo:2871,UserPass:,UserName:???,Role:1,StatusCode:
2021-05-28 11:04:44,397 [16] INFO  UMSService.LogHelper [(null)] - SyncUser:userNo = 2871 | userPass =  | userName = ??? | role = 1
2021-05-28 11:04:44,397 [16] INFO  UMSService.LogHelper [(null)] - Begin Read User
2021-05-28 11:04:44,398 [16] INFO  UMSService.LogHelper [(null)] - Begin Read Role
2021-05-28 11:04:44,398 [16] INFO  UMSService.LogHelper [(null)] - yes
2021-05-28 11:04:44,415 [13] INFO  UMSService.LogHelper [(null)] - Receive Msg: MsgID:106 MsgData:{"Device":null,"MsgType":"User","Name":"??","Operation":"Sync","Pwd":"","Role":"1","Sender":"Access","StatusCode":null,"UserID":"991"}
2021-05-28 11:04:44,416 [13] INFO  UMSService.LogHelper [(null)] - RosNo:,UserNo:991,UserPass:,UserName:??,Role:1,StatusCode:
2021-05-28 11:04:44,416 [13] INFO  UMSService.LogHelper [(null)] - SyncUser:userNo = 991 | userPass =  | userName = ?? | role = 1
2021-05-28 11:04:44,416 [13] INFO  UMSService.LogHelper [(null)] - Begin Read User
2021-05-28 11:04:44,416 [13] INFO  UMSService.LogHelper [(null)] - Begin Read Role
2021-05-28 11:04:44,416 [13] INFO  UMSService.LogHelper [(null)] - yes
2021-05-28 11:04:44,432 [14] INFO  UMSService.LogHelper [(null)] - Receive Msg: MsgID:106 MsgData:{"Device":null,"MsgType":"User","Name":"??","Operation":"Sync","Pwd":"","Role":"1","Sender":"Access","StatusCode":null,"UserID":"905"}
2021-05-28 11:04:44,432 [14] INFO  UMSService.LogHelper [(null)] - RosNo:,UserNo:905,UserPass:,UserName:??,Role:1,StatusCode:
2021-05-28 11:04:44,432 [14] INFO  UMSService.LogHelper [(null)] - SyncUser:userNo = 905 | userPass =  | userName = ?? | role = 1
2021-05-28 11:04:44,432 [14] INFO  UMSService.LogHelper [(null)] - Begin Read User
2021-05-28 11:04:44,432 [14] INFO  UMSService.LogHelper [(null)] - Begin Read Role
2021-05-28 11:04:44,434 [14] INFO  UMSService.LogHelper [(null)] - yes
2021-05-28 11:04:56,947 [15] INFO  UMSService.LogHelper [(null)] - Receive Msg: MsgID:105 MsgData:{"Device":null,"MsgType":"User","Name":"Test Lee2","Operation":"Delete","Pwd":"1234","Role":"1","Sender":"Access","StatusCode":null,"UserID":"123456"}
2021-05-28 11:04:56,947 [15] INFO  UMSService.LogHelper [(null)] - RosNo:,UserNo:123456,UserPass:1234,UserName:Test Lee2,Role:1,StatusCode:
2021-05-28 11:05:10,375 [16] INFO  UMSService.LogHelper [(null)] - Receive Msg: MsgID:103 MsgData:{"Device":null,"MsgType":"User","Name":"Test Lee2","Operation":"Insert","Pwd":"1234","Role":"1","Sender":"Access","StatusCode":null,"UserID":"123456"}
2021-05-28 11:05:10,375 [16] INFO  UMSService.LogHelper [(null)] - RosNo:,UserNo:123456,UserPass:1234,UserName:Test Lee2,Role:1,StatusCode:
2021-05-28 11:05:10,375 [16] INFO  UMSService.LogHelper [(null)] - insert
2021-05-28 11:05:19,267 [13] INFO  UMSService.LogHelper [(null)] - Receive Msg: MsgID:104 MsgData:{"Device":null,"MsgType":"User","Name":"Test Lee2","Operation":"Update","Pwd":"1234","Role":"1","Sender":"Access","StatusCode":null,"UserID":"123456"}
2021-05-28 11:05:19,267 [13] INFO  UMSService.LogHelper [(null)] - RosNo:,UserNo:123456,UserPass:1234,UserName:Test Lee2,Role:1,StatusCode:
2021-05-28 11:05:58,731 [14] INFO  UMSService.LogHelper [(null)] - Receive Msg: MsgID:101 MsgData:{"Device":"ROS01","MsgType":"Log","Name":"RTG_TEST","Operation":null,"Pwd":null,"Role":null,"Sender":"Access","StatusCode":null,"UserID":"2"}
2021-05-28 11:05:58,731 [14] INFO  UMSService.LogHelper [(null)] - RosNo:01,UserNo:2,UserPass:,UserName:RTG_TEST,Role:,StatusCode:
2021-05-28 11:05:58,734 [14] INFO  UMSService.LogHelper [(null)] - LogIn: ROSID:1; UserNo:2
2021-05-28 11:06:04,219 [15] INFO  UMSService.LogHelper [(null)] - Receive Msg: MsgID:101 MsgData:{"Device":"ROS01","MsgType":"Log","Name":"RTG_TEST","Operation":null,"Pwd":null,"Role":null,"Sender":"Access","StatusCode":null,"UserID":"2"}
2021-05-28 11:06:04,219 [15] INFO  UMSService.LogHelper [(null)] - RosNo:01,UserNo:2,UserPass:,UserName:RTG_TEST,Role:,StatusCode:
2021-05-28 11:06:04,221 [15] INFO  UMSService.LogHelper [(null)] - LogOut: ROSID:1; UserNo:2
2021-05-28 11:11:01,350 [13] INFO  UMSService.LogHelper [(null)] - Receive Msg: MsgID:106 MsgData:{"Device":null,"MsgType":"User","Name":"QC_TEST","Operation":"Sync","Pwd":"","Role":"1","Sender":"Access","StatusCode":null,"UserID":"1"}
2021-05-28 11:11:01,350 [13] INFO  UMSService.LogHelper [(null)] - RosNo:,UserNo:1,UserPass:,UserName:QC_TEST,Role:1,StatusCode:
2021-05-28 11:11:01,350 [13] INFO  UMSService.LogHelper [(null)] - SyncUser:userNo = 1 | userPass =  | userName = QC_TEST | role = 1
2021-05-28 11:11:01,350 [13] INFO  UMSService.LogHelper [(null)] - Begin Read User
2021-05-28 11:11:01,357 [13] INFO  UMSService.LogHelper [(null)] - Begin Read Role
2021-05-28 11:11:01,361 [13] INFO  UMSService.LogHelper [(null)] - yes
2021-05-28 11:11:01,385 [14] INFO  UMSService.LogHelper [(null)] - Receive Msg: MsgID:106 MsgData:{"Device":null,"MsgType":"User","Name":"RTG_TEST","Operation":"Sync","Pwd":"","Role":"2","Sender":"Access","StatusCode":null,"UserID":"2"}
2021-05-28 11:11:01,385 [14] INFO  UMSService.LogHelper [(null)] - RosNo:,UserNo:2,UserPass:,UserName:RTG_TEST,Role:2,StatusCode:
2021-05-28 11:11:01,385 [14] INFO  UMSService.LogHelper [(null)] - SyncUser:userNo = 2 | userPass =  | userName = RTG_TEST | role = 2
2021-05-28 11:11:01,385 [14] INFO  UMSService.LogHelper [(null)] - Begin Read User
2021-05-28 11:11:01,386 [14] INFO  UMSService.LogHelper [(null)] - Begin Read Role
2021-05-28 11:11:01,386 [14] INFO  UMSService.LogHelper [(null)] - yes
2021-05-28 11:11:01,399 [15] INFO  UMSService.LogHelper [(null)] - Receive Msg: MsgID:106 MsgData:{"Device":null,"MsgType":"User","Name":"???","Operation":"Sync","Pwd":"","Role":"1","Sender":"Access","StatusCode":null,"UserID":"673"}
2021-05-28 11:11:01,399 [15] INFO  UMSService.LogHelper [(null)] - RosNo:,UserNo:673,UserPass:,UserName:???,Role:1,StatusCode:
2021-05-28 11:11:01,399 [15] INFO  UMSService.LogHelper [(null)] - SyncUser:userNo = 673 | userPass =  | userName = ??? | role = 1
2021-05-28 11:11:01,399 [15] INFO  UMSService.LogHelper [(null)] - Begin Read User
2021-05-28 11:11:01,400 [15] INFO  UMSService.LogHelper [(null)] - Begin Read Role
2021-05-28 11:11:01,400 [15] INFO  UMSService.LogHelper [(null)] - yes
2021-05-28 11:11:01,411 [16] INFO  UMSService.LogHelper [(null)] - Receive Msg: MsgID:106 MsgData:{"Device":null,"MsgType":"User","Name":"???","Operation":"Sync","Pwd":"","Role":"1","Sender":"Access","StatusCode":null,"UserID":"3247"}
2021-05-28 11:11:01,411 [16] INFO  UMSService.LogHelper [(null)] - RosNo:,UserNo:3247,UserPass:,UserName:???,Role:1,StatusCode:
2021-05-28 11:11:01,411 [16] INFO  UMSService.LogHelper [(null)] - SyncUser:userNo = 3247 | userPass =  | userName = ??? | role = 1
2021-05-28 11:11:01,411 [16] INFO  UMSService.LogHelper [(null)] - Begin Read User
2021-05-28 11:11:01,413 [16] INFO  UMSService.LogHelper [(null)] - Begin Read Role
2021-05-28 11:11:01,413 [16] INFO  UMSService.LogHelper [(null)] - yes
2021-05-28 11:11:01,421 [13] INFO  UMSService.LogHelper [(null)] - Receive Msg: MsgID:106 MsgData:{"Device":null,"MsgType":"User","Name":"???","Operation":"Sync","Pwd":"","Role":"1","Sender":"Access","StatusCode":null,"UserID":"2803"}
2021-05-28 11:11:01,421 [13] INFO  UMSService.LogHelper [(null)] - RosNo:,UserNo:2803,UserPass:,UserName:???,Role:1,StatusCode:
2021-05-28 11:11:01,421 [13] INFO  UMSService.LogHelper [(null)] - SyncUser:userNo = 2803 | userPass =  | userName = ??? | role = 1
2021-05-28 11:11:01,421 [13] INFO  UMSService.LogHelper [(null)] - Begin Read User
2021-05-28 11:11:01,422 [13] INFO  UMSService.LogHelper [(null)] - Begin Read Role
2021-05-28 11:11:01,422 [13] INFO  UMSService.LogHelper [(null)] - yes
2021-05-28 11:11:01,435 [14] INFO  UMSService.LogHelper [(null)] - Receive Msg: MsgID:106 MsgData:{"Device":null,"MsgType":"User","Name":"???","Operation":"Sync","Pwd":"","Role":"1","Sender":"Access","StatusCode":null,"UserID":"2692"}
2021-05-28 11:11:01,435 [14] INFO  UMSService.LogHelper [(null)] - RosNo:,UserNo:2692,UserPass:,UserName:???,Role:1,StatusCode:
2021-05-28 11:11:01,435 [14] INFO  UMSService.LogHelper [(null)] - SyncUser:userNo = 2692 | userPass =  | userName = ??? | role = 1
2021-05-28 11:11:01,435 [14] INFO  UMSService.LogHelper [(null)] - Begin Read User
2021-05-28 11:11:01,435 [14] INFO  UMSService.LogHelper [(null)] - Begin Read Role
2021-05-28 11:11:01,436 [14] INFO  UMSService.LogHelper [(null)] - yes
2021-05-28 11:11:01,450 [15] INFO  UMSService.LogHelper [(null)] - Receive Msg: MsgID:106 MsgData:{"Device":null,"MsgType":"User","Name":"??","Operation":"Sync","Pwd":"","Role":"1","Sender":"Access","StatusCode":null,"UserID":"3583"}
2021-05-28 11:11:01,450 [15] INFO  UMSService.LogHelper [(null)] - RosNo:,UserNo:3583,UserPass:,UserName:??,Role:1,StatusCode:
2021-05-28 11:11:01,450 [15] INFO  UMSService.LogHelper [(null)] - SyncUser:userNo = 3583 | userPass =  | userName = ?? | role = 1
2021-05-28 11:11:01,450 [15] INFO  UMSService.LogHelper [(null)] - Begin Read User
2021-05-28 11:11:01,450 [15] INFO  UMSService.LogHelper [(null)] - Begin Read Role
2021-05-28 11:11:01,450 [15] INFO  UMSService.LogHelper [(null)] - yes
2021-05-28 11:11:01,462 [16] INFO  UMSService.LogHelper [(null)] - Receive Msg: MsgID:106 MsgData:{"Device":null,"MsgType":"User","Name":"???","Operation":"Sync","Pwd":"","Role":"1","Sender":"Access","StatusCode":null,"UserID":"2659"}
2021-05-28 11:11:01,462 [16] INFO  UMSService.LogHelper [(null)] - RosNo:,UserNo:2659,UserPass:,UserName:???,Role:1,StatusCode:
2021-05-28 11:11:01,462 [16] INFO  UMSService.LogHelper [(null)] - SyncUser:userNo = 2659 | userPass =  | userName = ??? | role = 1
2021-05-28 11:11:01,462 [16] INFO  UMSService.LogHelper [(null)] - Begin Read User
2021-05-28 11:11:01,462 [16] INFO  UMSService.LogHelper [(null)] - Begin Read Role
2021-05-28 11:11:01,462 [16] INFO  UMSService.LogHelper [(null)] - yes
2021-05-28 11:11:01,470 [13] INFO  UMSService.LogHelper [(null)] - Receive Msg: MsgID:106 MsgData:{"Device":null,"MsgType":"User","Name":"?? ?","Operation":"Sync","Pwd":"","Role":"1","Sender":"Access","StatusCode":null,"UserID":"676"}
2021-05-28 11:11:01,470 [13] INFO  UMSService.LogHelper [(null)] - RosNo:,UserNo:676,UserPass:,UserName:?? ?,Role:1,StatusCode:
2021-05-28 11:11:01,470 [13] INFO  UMSService.LogHelper [(null)] - SyncUser:userNo = 676 | userPass =  | userName = ?? ? | role = 1
2021-05-28 11:11:01,470 [13] INFO  UMSService.LogHelper [(null)] - Begin Read User
2021-05-28 11:11:01,471 [13] INFO  UMSService.LogHelper [(null)] - Begin Read Role
2021-05-28 11:11:01,471 [13] INFO  UMSService.LogHelper [(null)] - yes
2021-05-28 11:11:01,482 [14] INFO  UMSService.LogHelper [(null)] - Receive Msg: MsgID:106 MsgData:{"Device":null,"MsgType":"User","Name":"??","Operation":"Sync","Pwd":"","Role":"1","Sender":"Access","StatusCode":null,"UserID":"2837"}
2021-05-28 11:11:01,482 [14] INFO  UMSService.LogHelper [(null)] - RosNo:,UserNo:2837,UserPass:,UserName:??,Role:1,StatusCode:
2021-05-28 11:11:01,482 [14] INFO  UMSService.LogHelper [(null)] - SyncUser:userNo = 2837 | userPass =  | userName = ?? | role = 1
2021-05-28 11:11:01,482 [14] INFO  UMSService.LogHelper [(null)] - Begin Read User
2021-05-28 11:11:01,482 [14] INFO  UMSService.LogHelper [(null)] - Begin Read Role
2021-05-28 11:11:01,483 [14] INFO  UMSService.LogHelper [(null)] - yes
2021-05-28 11:11:01,491 [15] INFO  UMSService.LogHelper [(null)] - Receive Msg: MsgID:106 MsgData:{"Device":null,"MsgType":"User","Name":"??","Operation":"Sync","Pwd":"","Role":"1","Sender":"Access","StatusCode":null,"UserID":"2795"}
2021-05-28 11:11:01,491 [15] INFO  UMSService.LogHelper [(null)] - RosNo:,UserNo:2795,UserPass:,UserName:??,Role:1,StatusCode:
2021-05-28 11:11:01,491 [15] INFO  UMSService.LogHelper [(null)] - SyncUser:userNo = 2795 | userPass =  | userName = ?? | role = 1
2021-05-28 11:11:01,491 [15] INFO  UMSService.LogHelper [(null)] - Begin Read User
2021-05-28 11:11:01,493 [15] INFO  UMSService.LogHelper [(null)] - Begin Read Role
2021-05-28 11:11:01,493 [15] INFO  UMSService.LogHelper [(null)] - yes
2021-05-28 11:11:01,500 [16] INFO  UMSService.LogHelper [(null)] - Receive Msg: MsgID:106 MsgData:{"Device":null,"MsgType":"User","Name":"???","Operation":"Sync","Pwd":"","Role":"1","Sender":"Access","StatusCode":null,"UserID":"2745"}
2021-05-28 11:11:01,501 [16] INFO  UMSService.LogHelper [(null)] - RosNo:,UserNo:2745,UserPass:,UserName:???,Role:1,StatusCode:
2021-05-28 11:11:01,501 [16] INFO  UMSService.LogHelper [(null)] - SyncUser:userNo = 2745 | userPass =  | userName = ??? | role = 1
2021-05-28 11:11:01,501 [16] INFO  UMSService.LogHelper [(null)] - Begin Read User
2021-05-28 11:11:01,501 [16] INFO  UMSService.LogHelper [(null)] - Begin Read Role
2021-05-28 11:11:01,501 [16] INFO  UMSService.LogHelper [(null)] - yes
2021-05-28 11:11:01,511 [13] INFO  UMSService.LogHelper [(null)] - Receive Msg: MsgID:106 MsgData:{"Device":null,"MsgType":"User","Name":"???","Operation":"Sync","Pwd":"","Role":"1","Sender":"Access","StatusCode":null,"UserID":"3241"}
2021-05-28 11:11:01,511 [13] INFO  UMSService.LogHelper [(null)] - RosNo:,UserNo:3241,UserPass:,UserName:???,Role:1,StatusCode:
2021-05-28 11:11:01,511 [13] INFO  UMSService.LogHelper [(null)] - SyncUser:userNo = 3241 | userPass =  | userName = ??? | role = 1
2021-05-28 11:11:01,511 [13] INFO  UMSService.LogHelper [(null)] - Begin Read User
2021-05-28 11:11:01,512 [13] INFO  UMSService.LogHelper [(null)] - Begin Read Role
2021-05-28 11:11:01,512 [13] INFO  UMSService.LogHelper [(null)] - yes
2021-05-28 11:11:01,520 [14] INFO  UMSService.LogHelper [(null)] - Receive Msg: MsgID:106 MsgData:{"Device":null,"MsgType":"User","Name":"??","Operation":"Sync","Pwd":"","Role":"1","Sender":"Access","StatusCode":null,"UserID":"903"}
2021-05-28 11:11:01,520 [14] INFO  UMSService.LogHelper [(null)] - RosNo:,UserNo:903,UserPass:,UserName:??,Role:1,StatusCode:
2021-05-28 11:11:01,520 [14] INFO  UMSService.LogHelper [(null)] - SyncUser:userNo = 903 | userPass =  | userName = ?? | role = 1
2021-05-28 11:11:01,520 [14] INFO  UMSService.LogHelper [(null)] - Begin Read User
2021-05-28 11:11:01,521 [14] INFO  UMSService.LogHelper [(null)] - Begin Read Role
2021-05-28 11:11:01,521 [14] INFO  UMSService.LogHelper [(null)] - yes
2021-05-28 11:11:01,535 [15] INFO  UMSService.LogHelper [(null)] - Receive Msg: MsgID:106 MsgData:{"Device":null,"MsgType":"User","Name":"???","Operation":"Sync","Pwd":"","Role":"1","Sender":"Access","StatusCode":null,"UserID":"2691"}
2021-05-28 11:11:01,535 [15] INFO  UMSService.LogHelper [(null)] - RosNo:,UserNo:2691,UserPass:,UserName:???,Role:1,StatusCode:
2021-05-28 11:11:01,535 [15] INFO  UMSService.LogHelper [(null)] - SyncUser:userNo = 2691 | userPass =  | userName = ??? | role = 1
2021-05-28 11:11:01,535 [15] INFO  UMSService.LogHelper [(null)] - Begin Read User
2021-05-28 11:11:01,535 [15] INFO  UMSService.LogHelper [(null)] - Begin Read Role
2021-05-28 11:11:01,536 [15] INFO  UMSService.LogHelper [(null)] - yes
2021-05-28 11:11:01,548 [16] INFO  UMSService.LogHelper [(null)] - Receive Msg: MsgID:106 MsgData:{"Device":null,"MsgType":"User","Name":"???","Operation":"Sync","Pwd":"","Role":"1","Sender":"Access","StatusCode":null,"UserID":"680"}
2021-05-28 11:11:01,548 [16] INFO  UMSService.LogHelper [(null)] - RosNo:,UserNo:680,UserPass:,UserName:???,Role:1,StatusCode:
2021-05-28 11:11:01,548 [16] INFO  UMSService.LogHelper [(null)] - SyncUser:userNo = 680 | userPass =  | userName = ??? | role = 1
2021-05-28 11:11:01,548 [16] INFO  UMSService.LogHelper [(null)] - Begin Read User
2021-05-28 11:11:01,548 [16] INFO  UMSService.LogHelper [(null)] - Begin Read Role
2021-05-28 11:11:01,548 [16] INFO  UMSService.LogHelper [(null)] - yes
2021-05-28 11:11:01,564 [13] INFO  UMSService.LogHelper [(null)] - Receive Msg: MsgID:106 MsgData:{"Device":null,"MsgType":"User","Name":"???","Operation":"Sync","Pwd":"","Role":"1","Sender":"Access","StatusCode":null,"UserID":"2735"}
2021-05-28 11:11:01,564 [13] INFO  UMSService.LogHelper [(null)] - RosNo:,UserNo:2735,UserPass:,UserName:???,Role:1,StatusCode:
2021-05-28 11:11:01,564 [13] INFO  UMSService.LogHelper [(null)] - SyncUser:userNo = 2735 | userPass =  | userName = ??? | role = 1
2021-05-28 11:11:01,564 [13] INFO  UMSService.LogHelper [(null)] - Begin Read User
2021-05-28 11:11:01,564 [13] INFO  UMSService.LogHelper [(null)] - Begin Read Role
2021-05-28 11:11:01,565 [13] INFO  UMSService.LogHelper [(null)] - yes
2021-05-28 11:11:01,581 [14] INFO  UMSService.LogHelper [(null)] - Receive Msg: MsgID:106 MsgData:{"Device":null,"MsgType":"User","Name":"???","Operation":"Sync","Pwd":"","Role":"1","Sender":"Access","StatusCode":null,"UserID":"2738"}
2021-05-28 11:11:01,581 [14] INFO  UMSService.LogHelper [(null)] - RosNo:,UserNo:2738,UserPass:,UserName:???,Role:1,StatusCode:
2021-05-28 11:11:01,581 [14] INFO  UMSService.LogHelper [(null)] - SyncUser:userNo = 2738 | userPass =  | userName = ??? | role = 1
2021-05-28 11:11:01,581 [14] INFO  UMSService.LogHelper [(null)] - Begin Read User
2021-05-28 11:11:01,582 [14] INFO  UMSService.LogHelper [(null)] - Begin Read Role
2021-05-28 11:11:01,582 [14] INFO  UMSService.LogHelper [(null)] - yes
2021-05-28 11:11:01,596 [15] INFO  UMSService.LogHelper [(null)] - Receive Msg: MsgID:106 MsgData:{"Device":null,"MsgType":"User","Name":"???","Operation":"Sync","Pwd":"","Role":"1","Sender":"Access","StatusCode":null,"UserID":"983"}
2021-05-28 11:11:01,596 [15] INFO  UMSService.LogHelper [(null)] - RosNo:,UserNo:983,UserPass:,UserName:???,Role:1,StatusCode:
2021-05-28 11:11:01,596 [15] INFO  UMSService.LogHelper [(null)] - SyncUser:userNo = 983 | userPass =  | userName = ??? | role = 1
2021-05-28 11:11:01,596 [15] INFO  UMSService.LogHelper [(null)] - Begin Read User
2021-05-28 11:11:01,597 [15] INFO  UMSService.LogHelper [(null)] - Begin Read Role
2021-05-28 11:11:01,597 [15] INFO  UMSService.LogHelper [(null)] - yes
2021-05-28 11:11:01,614 [16] INFO  UMSService.LogHelper [(null)] - Receive Msg: MsgID:106 MsgData:{"Device":null,"MsgType":"User","Name":"???","Operation":"Sync","Pwd":"","Role":"1","Sender":"Access","StatusCode":null,"UserID":"3326"}
2021-05-28 11:11:01,614 [16] INFO  UMSService.LogHelper [(null)] - RosNo:,UserNo:3326,UserPass:,UserName:???,Role:1,StatusCode:
2021-05-28 11:11:01,614 [16] INFO  UMSService.LogHelper [(null)] - SyncUser:userNo = 3326 | userPass =  | userName = ??? | role = 1
2021-05-28 11:11:01,614 [16] INFO  UMSService.LogHelper [(null)] - Begin Read User
2021-05-28 11:11:01,615 [16] INFO  UMSService.LogHelper [(null)] - Begin Read Role
2021-05-28 11:11:01,615 [16] INFO  UMSService.LogHelper [(null)] - yes
2021-05-28 11:11:01,629 [13] INFO  UMSService.LogHelper [(null)] - Receive Msg: MsgID:106 MsgData:{"Device":null,"MsgType":"User","Name":"???","Operation":"Sync","Pwd":"","Role":"1","Sender":"Access","StatusCode":null,"UserID":"2871"}
2021-05-28 11:11:01,629 [13] INFO  UMSService.LogHelper [(null)] - RosNo:,UserNo:2871,UserPass:,UserName:???,Role:1,StatusCode:
2021-05-28 11:11:01,629 [13] INFO  UMSService.LogHelper [(null)] - SyncUser:userNo = 2871 | userPass =  | userName = ??? | role = 1
2021-05-28 11:11:01,629 [13] INFO  UMSService.LogHelper [(null)] - Begin Read User
2021-05-28 11:11:01,630 [13] INFO  UMSService.LogHelper [(null)] - Begin Read Role
2021-05-28 11:11:01,630 [13] INFO  UMSService.LogHelper [(null)] - yes
2021-05-28 11:11:01,645 [14] INFO  UMSService.LogHelper [(null)] - Receive Msg: MsgID:106 MsgData:{"Device":null,"MsgType":"User","Name":"??","Operation":"Sync","Pwd":"","Role":"1","Sender":"Access","StatusCode":null,"UserID":"991"}
2021-05-28 11:11:01,645 [14] INFO  UMSService.LogHelper [(null)] - RosNo:,UserNo:991,UserPass:,UserName:??,Role:1,StatusCode:
2021-05-28 11:11:01,645 [14] INFO  UMSService.LogHelper [(null)] - SyncUser:userNo = 991 | userPass =  | userName = ?? | role = 1
2021-05-28 11:11:01,645 [14] INFO  UMSService.LogHelper [(null)] - Begin Read User
2021-05-28 11:11:01,645 [14] INFO  UMSService.LogHelper [(null)] - Begin Read Role
2021-05-28 11:11:01,646 [14] INFO  UMSService.LogHelper [(null)] - yes
2021-05-28 11:11:01,672 [15] INFO  UMSService.LogHelper [(null)] - Receive Msg: MsgID:106 MsgData:{"Device":null,"MsgType":"User","Name":"??","Operation":"Sync","Pwd":"","Role":"1","Sender":"Access","StatusCode":null,"UserID":"905"}
2021-05-28 11:11:01,672 [15] INFO  UMSService.LogHelper [(null)] - RosNo:,UserNo:905,UserPass:,UserName:??,Role:1,StatusCode:
2021-05-28 11:11:01,672 [15] INFO  UMSService.LogHelper [(null)] - SyncUser:userNo = 905 | userPass =  | userName = ?? | role = 1
2021-05-28 11:11:01,672 [15] INFO  UMSService.LogHelper [(null)] - Begin Read User
2021-05-28 11:11:01,673 [15] INFO  UMSService.LogHelper [(null)] - Begin Read Role
2021-05-28 11:11:01,673 [15] INFO  UMSService.LogHelper [(null)] - yes
2021-05-28 14:02:22,434 [4] INFO  UMSService.LogHelper [(null)] - InitRos...
2021-05-28 14:02:22,583 [4] INFO  UMSService.LogHelper [(null)] - Start TCP v1.0.2020.1111...
2021-05-28 14:15:53,727 [4] INFO  UMSService.LogHelper [(null)] - InitRos...
2021-05-28 14:15:53,894 [4] INFO  UMSService.LogHelper [(null)] - Start TCP v1.0.2020.1111...
2021-05-28 14:17:45,525 [4] INFO  UMSService.LogHelper [(null)] - InitRos...
2021-05-28 14:17:45,697 [4] INFO  UMSService.LogHelper [(null)] - Start TCP v1.0.2020.1111...
2021-05-28 14:18:32,319 [14] INFO  UMSService.LogHelper [(null)] - Receive Msg: MsgID:106 MsgData:{"Device":null,"MsgType":"User","Name":"MAGO","Operation":"Sync","Pwd":"","Role":"1","Sender":"Access","StatusCode":null,"UserID":"1"}
2021-05-28 14:18:32,465 [14] INFO  UMSService.LogHelper [(null)] - RosNo:,UserNo:1,UserPass:,UserName:MAGO,Role:1,StatusCode:
2021-05-28 14:18:32,466 [14] INFO  UMSService.LogHelper [(null)] - SyncUser:userNo = 1 | userPass =  | userName = MAGO | role = 1
2021-05-28 14:18:32,466 [14] INFO  UMSService.LogHelper [(null)] - Begin Read User
2021-05-28 14:18:32,468 [14] INFO  UMSService.LogHelper [(null)] - Begin Read Role
2021-05-28 14:18:32,470 [14] INFO  UMSService.LogHelper [(null)] - yes
2021-05-28 14:18:32,505 [15] INFO  UMSService.LogHelper [(null)] - Receive Msg: MsgID:106 MsgData:{"Device":null,"MsgType":"User","Name":"??","Operation":"Sync","Pwd":"","Role":"1","Sender":"Access","StatusCode":null,"UserID":"2880"}
2021-05-28 14:18:32,505 [15] INFO  UMSService.LogHelper [(null)] - RosNo:,UserNo:2880,UserPass:,UserName:??,Role:1,StatusCode:
2021-05-28 14:18:32,505 [15] INFO  UMSService.LogHelper [(null)] - SyncUser:userNo = 2880 | userPass =  | userName = ?? | role = 1
2021-05-28 14:18:32,505 [15] INFO  UMSService.LogHelper [(null)] - Begin Read User
2021-05-28 14:18:32,506 [15] INFO  UMSService.LogHelper [(null)] - Begin Read Role
2021-05-28 14:18:32,518 [16] INFO  UMSService.LogHelper [(null)] - Receive Msg: MsgID:106 MsgData:{"Device":null,"MsgType":"User","Name":"???","Operation":"Sync","Pwd":"","Role":"1","Sender":"Access","StatusCode":null,"UserID":"2670"}
2021-05-28 14:18:32,518 [16] INFO  UMSService.LogHelper [(null)] - RosNo:,UserNo:2670,UserPass:,UserName:???,Role:1,StatusCode:
2021-05-28 14:18:32,518 [16] INFO  UMSService.LogHelper [(null)] - SyncUser:userNo = 2670 | userPass =  | userName = ??? | role = 1
2021-05-28 14:18:32,518 [16] INFO  UMSService.LogHelper [(null)] - Begin Read User
2021-05-28 14:18:32,519 [16] INFO  UMSService.LogHelper [(null)] - Begin Read Role
2021-05-28 14:18:32,526 [13] INFO  UMSService.LogHelper [(null)] - Receive Msg: MsgID:106 MsgData:{"Device":null,"MsgType":"User","Name":"???","Operation":"Sync","Pwd":"","Role":"1","Sender":"Access","StatusCode":null,"UserID":"3156"}
2021-05-28 14:18:32,526 [13] INFO  UMSService.LogHelper [(null)] - RosNo:,UserNo:3156,UserPass:,UserName:???,Role:1,StatusCode:
2021-05-28 14:18:32,526 [13] INFO  UMSService.LogHelper [(null)] - SyncUser:userNo = 3156 | userPass =  | userName = ??? | role = 1
2021-05-28 14:18:32,526 [13] INFO  UMSService.LogHelper [(null)] - Begin Read User
2021-05-28 14:18:32,528 [13] INFO  UMSService.LogHelper [(null)] - Begin Read Role
2021-05-28 14:18:32,534 [14] INFO  UMSService.LogHelper [(null)] - Receive Msg: MsgID:106 MsgData:{"Device":null,"MsgType":"User","Name":"???","Operation":"Sync","Pwd":"","Role":"1","Sender":"Access","StatusCode":null,"UserID":"2800"}
2021-05-28 14:18:32,534 [14] INFO  UMSService.LogHelper [(null)] - RosNo:,UserNo:2800,UserPass:,UserName:???,Role:1,StatusCode:
2021-05-28 14:18:32,534 [14] INFO  UMSService.LogHelper [(null)] - SyncUser:userNo = 2800 | userPass =  | userName = ??? | role = 1
2021-05-28 14:18:32,534 [14] INFO  UMSService.LogHelper [(null)] - Begin Read User
2021-05-28 14:18:32,535 [14] INFO  UMSService.LogHelper [(null)] - Begin Read Role
2021-05-28 14:28:59,418 [15] INFO  UMSService.LogHelper [(null)] - Receive Msg: MsgID:107 MsgData:{"Device":"ROS1","MsgType":"Status","Name":null,"Operation":null,"Pwd":null,"Role":null,"Sender":"Access","StatusCode":"313","UserID":null}
2021-05-28 14:28:59,418 [15] INFO  UMSService.LogHelper [(null)] - RosNo:1,UserNo:,UserPass:,UserName:,Role:,StatusCode:313
2021-05-28 14:29:08,935 [16] INFO  UMSService.LogHelper [(null)] - Receive Msg: MsgID:103 MsgData:{"Device":null,"MsgType":"User","Name":"New User(1)","Operation":"Insert","Pwd":"d41d8cd98f00b204e9800998ecf8427e","Role":"1","Sender":"Access","StatusCode":null,"UserID":"3157"}
2021-05-28 14:29:08,935 [16] INFO  UMSService.LogHelper [(null)] - RosNo:,UserNo:3157,UserPass:d41d8cd98f00b204e9800998ecf8427e,UserName:New User(1),Role:1,StatusCode:
2021-05-28 14:29:08,936 [16] INFO  UMSService.LogHelper [(null)] - insert
2021-05-28 14:29:47,101 [13] INFO  UMSService.LogHelper [(null)] - Receive Msg: MsgID:104 MsgData:{"Device":null,"MsgType":"User","Name":"???","Operation":"Update","Pwd":"d41d8cd98f00b204e9800998ecf8427e","Role":"1","Sender":"Access","StatusCode":null,"UserID":"2844"}
2021-05-28 14:29:47,101 [13] INFO  UMSService.LogHelper [(null)] - RosNo:,UserNo:2844,UserPass:d41d8cd98f00b204e9800998ecf8427e,UserName:???,Role:1,StatusCode:
2021-05-28 14:29:50,032 [14] INFO  UMSService.LogHelper [(null)] - Receive Msg: MsgID:104 MsgData:{"Device":null,"MsgType":"User","Name":"???","Operation":"Update","Pwd":"d41d8cd98f00b204e9800998ecf8427e","Role":"1","Sender":"Access","StatusCode":null,"UserID":"2844"}
2021-05-28 14:29:50,032 [14] INFO  UMSService.LogHelper [(null)] - RosNo:,UserNo:2844,UserPass:d41d8cd98f00b204e9800998ecf8427e,UserName:???,Role:1,StatusCode:
2021-05-28 14:30:40,486 [15] INFO  UMSService.LogHelper [(null)] - Receive Msg: MsgID:104 MsgData:{"Device":null,"MsgType":"User","Name":"???","Operation":"Update","Pwd":"d41d8cd98f00b204e9800998ecf8427e","Role":"1","Sender":"Access","StatusCode":null,"UserID":"2844"}
2021-05-28 14:30:40,487 [15] INFO  UMSService.LogHelper [(null)] - RosNo:,UserNo:2844,UserPass:d41d8cd98f00b204e9800998ecf8427e,UserName:???,Role:1,StatusCode:
2021-05-28 14:30:47,161 [16] INFO  UMSService.LogHelper [(null)] - Receive Msg: MsgID:103 MsgData:{"Device":null,"MsgType":"User","Name":"New User(1)","Operation":"Insert","Pwd":"d41d8cd98f00b204e9800998ecf8427e","Role":"1","Sender":"Access","StatusCode":null,"UserID":"3157"}
2021-05-28 14:30:47,161 [16] INFO  UMSService.LogHelper [(null)] - RosNo:,UserNo:3157,UserPass:d41d8cd98f00b204e9800998ecf8427e,UserName:New User(1),Role:1,StatusCode:
2021-05-28 14:30:47,161 [16] INFO  UMSService.LogHelper [(null)] - insert
2021-05-28 14:31:14,638 [13] INFO  UMSService.LogHelper [(null)] - Receive Msg: MsgID:104 MsgData:{"Device":null,"MsgType":"User","Name":"???","Operation":"Update","Pwd":"d41d8cd98f00b204e9800998ecf8427e","Role":"1","Sender":"Access","StatusCode":null,"UserID":"2666"}
2021-05-28 14:31:14,638 [13] INFO  UMSService.LogHelper [(null)] - RosNo:,UserNo:2666,UserPass:d41d8cd98f00b204e9800998ecf8427e,UserName:???,Role:1,StatusCode:
2021-05-28 14:32:02,069 [14] INFO  UMSService.LogHelper [(null)] - Receive Msg: MsgID:104 MsgData:{"Device":null,"MsgType":"User","Name":"???","Operation":"Update","Pwd":"d41d8cd98f00b204e9800998ecf8427e","Role":"1","Sender":"Access","StatusCode":null,"UserID":"2666"}
2021-05-28 14:32:02,069 [14] INFO  UMSService.LogHelper [(null)] - RosNo:,UserNo:2666,UserPass:d41d8cd98f00b204e9800998ecf8427e,UserName:???,Role:1,StatusCode:
2021-05-28 14:32:51,319 [15] INFO  UMSService.LogHelper [(null)] - Receive Msg: MsgID:107 MsgData:{"Device":"ROS2","MsgType":"Status","Name":null,"Operation":null,"Pwd":null,"Role":null,"Sender":"Access","StatusCode":"313","UserID":null}
2021-05-28 14:32:51,319 [15] INFO  UMSService.LogHelper [(null)] - RosNo:2,UserNo:,UserPass:,UserName:,Role:,StatusCode:313
2021-05-28 14:32:57,790 [16] INFO  UMSService.LogHelper [(null)] - Receive Msg: MsgID:107 MsgData:{"Device":"ROS4","MsgType":"Status","Name":null,"Operation":null,"Pwd":null,"Role":null,"Sender":"Access","StatusCode":"313","UserID":null}
2021-05-28 14:32:57,790 [16] INFO  UMSService.LogHelper [(null)] - RosNo:4,UserNo:,UserPass:,UserName:,Role:,StatusCode:313
2021-05-28 14:33:04,202 [13] INFO  UMSService.LogHelper [(null)] - Receive Msg: MsgID:107 MsgData:{"Device":"ROS3","MsgType":"Status","Name":null,"Operation":null,"Pwd":null,"Role":null,"Sender":"Access","StatusCode":"313","UserID":null}
2021-05-28 14:33:04,202 [13] INFO  UMSService.LogHelper [(null)] - RosNo:3,UserNo:,UserPass:,UserName:,Role:,StatusCode:313
2021-05-28 14:33:58,654 [14] INFO  UMSService.LogHelper [(null)] - Receive Msg: MsgID:101 MsgData:{"Device":"ROS2","MsgType":"Log","Name":"MAGO","Operation":null,"Pwd":null,"Role":null,"Sender":"Access","StatusCode":null,"UserID":"1"}
2021-05-28 14:33:58,654 [14] INFO  UMSService.LogHelper [(null)] - RosNo:2,UserNo:1,UserPass:,UserName:MAGO,Role:,StatusCode:
2021-05-28 14:33:58,665 [14] INFO  UMSService.LogHelper [(null)] - LogIn: ROSID:2; UserNo:1
2021-05-28 14:42:20,730 [15] INFO  UMSService.LogHelper [(null)] - Receive Msg: MsgID:106 MsgData:{"Device":null,"MsgType":"User","Name":"MAGO","Operation":"Sync","Pwd":"","Role":"1","Sender":"Access","StatusCode":null,"UserID":"1"}
2021-05-28 14:42:20,730 [15] INFO  UMSService.LogHelper [(null)] - RosNo:,UserNo:1,UserPass:,UserName:MAGO,Role:1,StatusCode:
2021-05-28 14:42:20,730 [15] INFO  UMSService.LogHelper [(null)] - SyncUser:userNo = 1 | userPass =  | userName = MAGO | role = 1
2021-05-28 14:42:20,730 [15] INFO  UMSService.LogHelper [(null)] - Begin Read User
2021-05-28 14:42:20,737 [15] INFO  UMSService.LogHelper [(null)] - Begin Read Role
2021-05-28 14:42:20,738 [15] INFO  UMSService.LogHelper [(null)] - yes
2021-05-28 14:42:20,751 [16] INFO  UMSService.LogHelper [(null)] - Receive Msg: MsgID:106 MsgData:{"Device":null,"MsgType":"User","Name":"??","Operation":"Sync","Pwd":"","Role":"1","Sender":"Access","StatusCode":null,"UserID":"2880"}
2021-05-28 14:42:20,752 [16] INFO  UMSService.LogHelper [(null)] - RosNo:,UserNo:2880,UserPass:,UserName:??,Role:1,StatusCode:
2021-05-28 14:42:20,752 [16] INFO  UMSService.LogHelper [(null)] - SyncUser:userNo = 2880 | userPass =  | userName = ?? | role = 1
2021-05-28 14:42:20,752 [16] INFO  UMSService.LogHelper [(null)] - Begin Read User
2021-05-28 14:42:20,753 [16] INFO  UMSService.LogHelper [(null)] - Begin Read Role
2021-05-28 14:42:20,754 [16] INFO  UMSService.LogHelper [(null)] - yes
2021-05-28 14:42:20,767 [13] INFO  UMSService.LogHelper [(null)] - Receive Msg: MsgID:106 MsgData:{"Device":null,"MsgType":"User","Name":"???","Operation":"Sync","Pwd":"","Role":"1","Sender":"Access","StatusCode":null,"UserID":"2670"}
2021-05-28 14:42:20,767 [13] INFO  UMSService.LogHelper [(null)] - RosNo:,UserNo:2670,UserPass:,UserName:???,Role:1,StatusCode:
2021-05-28 14:42:20,768 [13] INFO  UMSService.LogHelper [(null)] - SyncUser:userNo = 2670 | userPass =  | userName = ??? | role = 1
2021-05-28 14:42:20,768 [13] INFO  UMSService.LogHelper [(null)] - Begin Read User
2021-05-28 14:42:20,769 [13] INFO  UMSService.LogHelper [(null)] - Begin Read Role
2021-05-28 14:42:20,770 [13] INFO  UMSService.LogHelper [(null)] - yes
2021-05-28 14:42:20,776 [14] INFO  UMSService.LogHelper [(null)] - Receive Msg: MsgID:106 MsgData:{"Device":null,"MsgType":"User","Name":"???","Operation":"Sync","Pwd":"","Role":"1","Sender":"Access","StatusCode":null,"UserID":"3156"}
2021-05-28 14:42:20,776 [14] INFO  UMSService.LogHelper [(null)] - RosNo:,UserNo:3156,UserPass:,UserName:???,Role:1,StatusCode:
2021-05-28 14:42:20,776 [14] INFO  UMSService.LogHelper [(null)] - SyncUser:userNo = 3156 | userPass =  | userName = ??? | role = 1
2021-05-28 14:42:20,776 [14] INFO  UMSService.LogHelper [(null)] - Begin Read User
2021-05-28 14:42:20,777 [14] INFO  UMSService.LogHelper [(null)] - Begin Read Role
2021-05-28 14:42:20,777 [14] INFO  UMSService.LogHelper [(null)] - yes
2021-05-28 14:42:20,783 [15] INFO  UMSService.LogHelper [(null)] - Receive Msg: MsgID:106 MsgData:{"Device":null,"MsgType":"User","Name":"???","Operation":"Sync","Pwd":"","Role":"1","Sender":"Access","StatusCode":null,"UserID":"2800"}
2021-05-28 14:42:20,783 [15] INFO  UMSService.LogHelper [(null)] - RosNo:,UserNo:2800,UserPass:,UserName:???,Role:1,StatusCode:
2021-05-28 14:42:20,783 [15] INFO  UMSService.LogHelper [(null)] - SyncUser:userNo = 2800 | userPass =  | userName = ??? | role = 1
2021-05-28 14:42:20,783 [15] INFO  UMSService.LogHelper [(null)] - Begin Read User
2021-05-28 14:42:20,784 [15] INFO  UMSService.LogHelper [(null)] - Begin Read Role
2021-05-28 14:42:20,784 [15] INFO  UMSService.LogHelper [(null)] - yes
2021-05-28 14:42:20,793 [16] INFO  UMSService.LogHelper [(null)] - Receive Msg: MsgID:106 MsgData:{"Device":null,"MsgType":"User","Name":"???","Operation":"Sync","Pwd":"","Role":"1","Sender":"Access","StatusCode":null,"UserID":"2844"}
2021-05-28 14:42:20,793 [16] INFO  UMSService.LogHelper [(null)] - RosNo:,UserNo:2844,UserPass:,UserName:???,Role:1,StatusCode:
2021-05-28 14:42:20,793 [16] INFO  UMSService.LogHelper [(null)] - SyncUser:userNo = 2844 | userPass =  | userName = ??? | role = 1
2021-05-28 14:42:20,793 [16] INFO  UMSService.LogHelper [(null)] - Begin Read User
2021-05-28 14:42:20,793 [16] INFO  UMSService.LogHelper [(null)] - Begin Read Role
2021-05-28 14:42:20,803 [13] INFO  UMSService.LogHelper [(null)] - Receive Msg: MsgID:106 MsgData:{"Device":null,"MsgType":"User","Name":"???","Operation":"Sync","Pwd":"","Role":"1","Sender":"Access","StatusCode":null,"UserID":"2666"}
2021-05-28 14:42:20,803 [13] INFO  UMSService.LogHelper [(null)] - RosNo:,UserNo:2666,UserPass:,UserName:???,Role:1,StatusCode:
2021-05-28 14:42:20,803 [13] INFO  UMSService.LogHelper [(null)] - SyncUser:userNo = 2666 | userPass =  | userName = ??? | role = 1
2021-05-28 14:42:20,803 [13] INFO  UMSService.LogHelper [(null)] - Begin Read User
2021-05-28 14:42:20,804 [13] INFO  UMSService.LogHelper [(null)] - Begin Read Role
2021-05-28 20:22:05,828 [4] INFO  UMSService.LogHelper [(null)] - InitRos...
2021-05-28 20:22:15,901 [4] INFO  UMSService.LogHelper [(null)] - Start TCP v1.0.2020.1111...
2021-05-28 20:59:33,221 [4] INFO  UMSService.LogHelper [(null)] - InitRos...
2021-05-28 20:59:46,995 [4] INFO  UMSService.LogHelper [(null)] - Start TCP v1.0.2020.1111...
